<?xml version="1.0" encoding="UTF-8"?>
<!-- Generated by org.testng.reporters.JUnitReportReporter -->
<testsuite hostname="hepeng" name="org.jmeter.fanli.FanlitouControllerTest2" tests="1" failures="0" timestamp="13 Jul 2018 09:23:53 GMT" time="0.798" errors="0">
  <testcase name="Investmentlist" time="0.798" classname="org.jmeter.fanli.FanlitouControllerTest2"/>
</testsuite> <!-- org.jmeter.fanli.FanlitouControllerTest2 -->
