<?xml version="1.0" encoding="UTF-8"?>
<!-- Generated by org.testng.reporters.JUnitReportReporter -->
<testsuite hostname="hepeng" name="org.jmeter.fanli.AccountTransferControllerTest" tests="1" failures="0" timestamp="25 Oct 2018 01:33:11 GMT" time="0.935" errors="0">
  <testcase name="queryOrderWdty2" time="0.935" classname="org.jmeter.fanli.AccountTransferControllerTest"/>
</testsuite> <!-- org.jmeter.fanli.AccountTransferControllerTest -->
