<?xml version="1.0" encoding="UTF-8"?>
<!-- Generated by org.testng.reporters.JUnitReportReporter -->
<testsuite hostname="PC-20161026ZCQN" name="org.webdriver.mindaiwebui.cases.Registertest" tests="1" failures="0" timestamp="22 Jan 2017 10:39:12 GMT" time="21.644" errors="0">
  <testcase name="login" time="21.644" classname="org.webdriver.mindaiwebui.cases.Registertest"/>
</testsuite> <!-- org.webdriver.mindaiwebui.cases.Registertest -->
