<?xml version="1.0" encoding="UTF-8"?>
<!-- Generated by org.testng.reporters.JUnitReportReporter -->
<testsuite hostname="PC-20161026ZCQN" name="cases.tests" tests="4" failures="0" timestamp="14 Jan 2017 09:13:22 GMT" time="3.761" errors="0">
  <testcase name="ts" time="0.884" classname="cases.tests"/>
  <testcase name="ts" time="0.891" classname="cases.tests"/>
  <testcase name="ts" time="0.847" classname="cases.tests"/>
  <testcase name="ts" time="1.139" classname="cases.tests"/>
</testsuite> <!-- cases.tests -->
